-------------------------------------------------------------------------------
Test set: com.mx.accenture.springmvc.example.ExampleMvcApplicationTests
-------------------------------------------------------------------------------
Tests run: 1, Failures: 0, Errors: 1, Skipped: 0, Time elapsed: 2.248 s <<< FAILURE! - in com.mx.accenture.springmvc.example.ExampleMvcApplicationTests
contextLoads  Time elapsed: 0 s  <<< ERROR!
java.lang.IllegalStateException: Failed to load ApplicationContext
Caused by: java.lang.IllegalStateException: Error processing condition on org.springframework.boot.autoconfigure.thymeleaf.TemplateEngineConfigurations$DefaultTemplateEngineConfiguration.templateEngine
Caused by: java.lang.IllegalStateException: Failed to introspect Class [org.springframework.boot.autoconfigure.thymeleaf.ThymeleafAutoConfiguration$ThymeleafWebMvcConfiguration$ThymeleafViewResolverConfiguration] from ClassLoader [jdk.internal.loader.ClassLoaders$AppClassLoader@4b1210ee]
Caused by: java.lang.NoClassDefFoundError: org/springframework/web/servlet/view/AbstractCachingViewResolver
Caused by: java.lang.ClassNotFoundException: org.springframework.web.servlet.view.AbstractCachingViewResolver

