<?xml version="1.0" encoding="UTF-8"?>
<testsuite xmlns:xsi="http://www.w3.org/2001/XMLSchema-instance" xsi:noNamespaceSchemaLocation="https://maven.apache.org/surefire/maven-surefire-plugin/xsd/surefire-test-report.xsd" name="com.mx.accenture.challenge.CodeChallengeTest" time="0.043" tests="4" errors="0" skipped="0" failures="4">
  <properties>
[...]
</properties>
  <testcase name="happyPath" classname="com.mx.accenture.challenge.CodeChallengeTest" time="0.033">
    <failure message="array lengths differ, expected: &lt;2&gt; but was: &lt;0&gt;" type="org.opentest4j.AssertionFailedError"><![CDATA[org.opentest4j.AssertionFailedError: array lengths differ, expected: <2> but was: <0>
	at com.mx.accenture.challenge.CodeChallengeTest.happyPath(CodeChallengeTest.java:23)
]]></failure>
  </testcase>
  <testcase name="twoPossibleSolutions" classname="com.mx.accenture.challenge.CodeChallengeTest" time="0.002">
    <failure message="expected: &lt;true&gt; but was: &lt;false&gt;" type="org.opentest4j.AssertionFailedError"><![CDATA[org.opentest4j.AssertionFailedError: expected: <true> but was: <false>
	at com.mx.accenture.challenge.CodeChallengeTest.twoPossibleSolutions(CodeChallengeTest.java:41)
]]></failure>
  </testcase>
  <testcase name="negativeCase" classname="com.mx.accenture.challenge.CodeChallengeTest" time="0">
    <failure message="expected array was &lt;null&gt;" type="org.opentest4j.AssertionFailedError"><![CDATA[org.opentest4j.AssertionFailedError: expected array was <null>
	at com.mx.accenture.challenge.CodeChallengeTest.negativeCase(CodeChallengeTest.java:50)
]]></failure>
  </testcase>
  <testcase name="noPairToAchieveTargetSum" classname="com.mx.accenture.challenge.CodeChallengeTest" time="0">
    <failure message="expected array was &lt;null&gt;" type="org.opentest4j.AssertionFailedError"><![CDATA[org.opentest4j.AssertionFailedError: expected array was <null>
	at com.mx.accenture.challenge.CodeChallengeTest.noPairToAchieveTargetSum(CodeChallengeTest.java:31)
]]></failure>
  </testcase>
</testsuite>